This is pdfTeX, Version 3.141592653-2.6-1.40.22 (TeX Live 2021/W32TeX) (preloaded format=pdflatex 2021.7.22)  22 JUL 2021 20:25
entering extended mode
 restricted \write18 enabled.
 file:line:error style messages enabled.
 %&-line parsing enabled.
**"c:/Users/nunzi/Google Drive/UNIPI/Parallel and Distributed System/Progetto/SPM-GraphSearch/Report/main.tex"
(c:/Users/nunzi/Google Drive/UNIPI/Parallel and Distributed System/Progetto/SPM-GraphSearch/Report/main.tex
LaTeX2e <2020-10-01> patch level 4
L3 programming layer <2021-02-18> (c:/texlive/2021/texmf-dist/tex/latex/base/article.cls
Document Class: article 2020/04/10 v1.4m Standard LaTeX document class
(c:/texlive/2021/texmf-dist/tex/latex/base/size12.clo
File: size12.clo 2020/04/10 v1.4m Standard LaTeX file (size option)
)
\c@part=\count179
\c@section=\count180
\c@subsection=\count181
\c@subsubsection=\count182
\c@paragraph=\count183
\c@subparagraph=\count184
\c@figure=\count185
\c@table=\count186
\abovecaptionskip=\skip47
\belowcaptionskip=\skip48
\bibindent=\dimen138
) (c:/texlive/2021/texmf-dist/tex/latex/base/fontenc.sty
Package: fontenc 2020/08/10 v2.0s Standard LaTeX package
) (c:/texlive/2021/texmf-dist/tex/latex/base/inputenc.sty
Package: inputenc 2020/08/01 v1.3d Input encoding file
\inpenc@prehook=\toks15
\inpenc@posthook=\toks16
 (c:/texlive/2021/texmf-dist/tex/latex/ucs/utf8x.def
File: utf8x.def 2004/10/17 UCS: Input encoding UTF-8
)) (c:/texlive/2021/texmf-dist/tex/latex/ucs/ucs.sty
Package: ucs 2013/05/11 v2.2 UCS: Unicode input support
 (c:/texlive/2021/texmf-dist/tex/latex/ucs/data/uni-global.def
File: uni-global.def 2013/05/13 UCS: Unicode global data
)
\uc@secondtry=\count187
\uc@combtoks=\toks17
\uc@combtoksb=\toks18
\uc@temptokena=\toks19
) (c:/texlive/2021/texmf-dist/tex/generic/babel/babel.sty
Package: babel 2021/03/24 3.56 The Babel package
 (c:/texlive/2021/texmf-dist/tex/generic/babel/babel.def
File: babel.def 2021/03/24 3.56 Babel common definitions
\babel@savecnt=\count188
\U@D=\dimen139
\l@babelnohyphens=\language87
 (c:/texlive/2021/texmf-dist/tex/generic/babel/txtbabel.def)
\bbl@readstream=\read2
)
\bbl@dirlevel=\count189
 (c:/texlive/2021/texmf-dist/tex/generic/babel-english/english.ldf
Language: english 2017/06/06 v3.3r English support from the babel system
Package babel Info: \l@canadian = using hyphenrules for english
(babel)             (\language0) on input line 102.
Package babel Info: \l@australian = using hyphenrules for ukenglish
(babel)             (\language21) on input line 105.
Package babel Info: \l@newzealand = using hyphenrules for ukenglish
(babel)             (\language21) on input line 108.
)) (c:/texlive/2021/texmf-dist/tex/latex/geometry/geometry.sty
Package: geometry 2020/01/02 v5.9 Page Geometry
 (c:/texlive/2021/texmf-dist/tex/latex/graphics/keyval.sty
Package: keyval 2014/10/28 v1.15 key=value parser (DPC)
\KV@toks@=\toks20
) (c:/texlive/2021/texmf-dist/tex/generic/iftex/ifvtex.sty
Package: ifvtex 2019/10/25 v1.7 ifvtex legacy package. Use iftex instead.
 (c:/texlive/2021/texmf-dist/tex/generic/iftex/iftex.sty
Package: iftex 2020/03/06 v1.0d TeX engine tests
))
\Gm@cnth=\count190
\Gm@cntv=\count191
\c@Gm@tempcnt=\count192
\Gm@bindingoffset=\dimen140
\Gm@wd@mp=\dimen141
\Gm@odd@mp=\dimen142
\Gm@even@mp=\dimen143
\Gm@layoutwidth=\dimen144
\Gm@layoutheight=\dimen145
\Gm@layouthoffset=\dimen146
\Gm@layoutvoffset=\dimen147
\Gm@dimlist=\toks21
) (c:/texlive/2021/texmf-dist/tex/latex/setspace/setspace.sty
Package: setspace 2011/12/19 v6.7a set line spacing
) (c:/texlive/2021/texmf-dist/tex/latex/pdfpages/pdfpages.sty
Package: pdfpages 2021/03/06 v0.5t Insert pages of external PDF documents (AM)
 (c:/texlive/2021/texmf-dist/tex/latex/base/ifthen.sty
Package: ifthen 2014/09/29 v1.1c Standard LaTeX ifthen package (DPC)
) (c:/texlive/2021/texmf-dist/tex/latex/tools/calc.sty
Package: calc 2017/05/25 v4.3 Infix arithmetic (KKT,FJ)
\calc@Acount=\count193
\calc@Bcount=\count194
\calc@Adimen=\dimen148
\calc@Bdimen=\dimen149
\calc@Askip=\skip49
\calc@Bskip=\skip50
LaTeX Info: Redefining \setlength on input line 80.
LaTeX Info: Redefining \addtolength on input line 81.
\calc@Ccount=\count195
\calc@Cskip=\skip51
) (c:/texlive/2021/texmf-dist/tex/latex/eso-pic/eso-pic.sty
Package: eso-pic 2020/10/14 v3.0a eso-pic (RN)
\ESO@tempdima=\dimen150
\ESO@tempdimb=\dimen151
 (c:/texlive/2021/texmf-dist/tex/latex/xcolor/xcolor.sty
Package: xcolor 2016/05/11 v2.12 LaTeX color extensions (UK)
 (c:/texlive/2021/texmf-dist/tex/latex/graphics-cfg/color.cfg
File: color.cfg 2016/01/02 v1.6 sample color configuration
)
Package xcolor Info: Driver file: pdftex.def on input line 225.
 (c:/texlive/2021/texmf-dist/tex/latex/graphics-def/pdftex.def
File: pdftex.def 2020/10/05 v1.2a Graphics/color driver for pdftex
)
Package xcolor Info: Model `cmy' substituted by `cmy0' on input line 1348.
Package xcolor Info: Model `hsb' substituted by `rgb' on input line 1352.
Package xcolor Info: Model `RGB' extended on input line 1364.
Package xcolor Info: Model `HTML' substituted by `rgb' on input line 1366.
Package xcolor Info: Model `Hsb' substituted by `hsb' on input line 1367.
Package xcolor Info: Model `tHsb' substituted by `hsb' on input line 1368.
Package xcolor Info: Model `HSB' substituted by `hsb' on input line 1369.
Package xcolor Info: Model `Gray' substituted by `gray' on input line 1370.
Package xcolor Info: Model `wave' substituted by `hsb' on input line 1371.
)) (c:/texlive/2021/texmf-dist/tex/latex/graphics/graphicx.sty
Package: graphicx 2020/09/09 v1.2b Enhanced LaTeX Graphics (DPC,SPQR)
 (c:/texlive/2021/texmf-dist/tex/latex/graphics/graphics.sty
Package: graphics 2020/08/30 v1.4c Standard LaTeX Graphics (DPC,SPQR)
 (c:/texlive/2021/texmf-dist/tex/latex/graphics/trig.sty
Package: trig 2016/01/03 v1.10 sin cos tan (DPC)
) (c:/texlive/2021/texmf-dist/tex/latex/graphics-cfg/graphics.cfg
File: graphics.cfg 2016/06/04 v1.11 sample graphics configuration
)
Package graphics Info: Driver file: pdftex.def on input line 105.
)
\Gin@req@height=\dimen152
\Gin@req@width=\dimen153
)
\AM@pagewidth=\dimen154
\AM@pageheight=\dimen155
\AM@fboxrule=\dimen156
 (c:/texlive/2021/texmf-dist/tex/latex/pdfpages/pppdftex.def
File: pppdftex.def 2021/03/06 v0.5t Pdfpages driver for pdfTeX (AM)
)
\pdfpages@includegraphics@status=\count196
\AM@pagebox=\box47
\AM@global@opts=\toks22
\AM@pagecnt=\count197
\AM@toc@title=\toks23
\c@AM@survey=\count198
\AM@templatesizebox=\box48
) (c:/texlive/2021/texmf-dist/tex/latex/base/flafter.sty
Package: flafter 2018/11/28 v1.4d Standard LaTeX floats after reference (FMi)
Applying: [2015/01/01] float order in 2-column on input line 49.
Already applied: [0000/00/00] float order in 2-column on input line 151.
) (c:/texlive/2021/texmf-dist/tex/latex/caption/caption.sty
Package: caption 2020/10/26 v3.5g Customizing captions (AR)
 (c:/texlive/2021/texmf-dist/tex/latex/caption/caption3.sty
Package: caption3 2020/10/21 v2.2e caption3 kernel (AR)
\captionmargin=\dimen157
\captionmargin@=\dimen158
\captionwidth=\dimen159
\caption@tempdima=\dimen160
\caption@indent=\dimen161
\caption@parindent=\dimen162
\caption@hangindent=\dimen163
Package caption Info: Standard document class detected.
)
\c@caption@flags=\count199
\c@continuedfloat=\count266
) (c:/texlive/2021/texmf-dist/tex/latex/tocbibind/tocbibind.sty
Package: tocbibind 2010/10/13 v1.5k extra ToC listings
Package tocbibind Info: The document has section divisions on input line 50.


Package tocbibind Note: Using section or other style headings.

) (c:/texlive/2021/texmf-dist/tex/latex/url/url.sty
\Urlmuskip=\muskip16
Package: url 2013/09/16  ver 3.4  Verb mode for urls, etc.
) (c:/texlive/2021/texmf-dist/tex/latex/emptypage/emptypage.sty
Package: emptypage 2010/05/30 v1.2 Suppress page numbers and headings on empty pages
) (c:/texlive/2021/texmf-dist/tex/latex/lm/lmodern.sty
Package: lmodern 2015/05/01 v1.6.1 Latin Modern Fonts
LaTeX Font Info:    Overwriting symbol font `operators' in version `normal'
(Font)                  OT1/cmr/m/n --> OT1/lmr/m/n on input line 22.
LaTeX Font Info:    Overwriting symbol font `letters' in version `normal'
(Font)                  OML/cmm/m/it --> OML/lmm/m/it on input line 23.
LaTeX Font Info:    Overwriting symbol font `symbols' in version `normal'
(Font)                  OMS/cmsy/m/n --> OMS/lmsy/m/n on input line 24.
LaTeX Font Info:    Overwriting symbol font `largesymbols' in version `normal'
(Font)                  OMX/cmex/m/n --> OMX/lmex/m/n on input line 25.
LaTeX Font Info:    Overwriting symbol font `operators' in version `bold'
(Font)                  OT1/cmr/bx/n --> OT1/lmr/bx/n on input line 26.
LaTeX Font Info:    Overwriting symbol font `letters' in version `bold'
(Font)                  OML/cmm/b/it --> OML/lmm/b/it on input line 27.
LaTeX Font Info:    Overwriting symbol font `symbols' in version `bold'
(Font)                  OMS/cmsy/b/n --> OMS/lmsy/b/n on input line 28.
LaTeX Font Info:    Overwriting symbol font `largesymbols' in version `bold'
(Font)                  OMX/cmex/m/n --> OMX/lmex/m/n on input line 29.
LaTeX Font Info:    Overwriting math alphabet `\mathbf' in version `normal'
(Font)                  OT1/cmr/bx/n --> OT1/lmr/bx/n on input line 31.
LaTeX Font Info:    Overwriting math alphabet `\mathsf' in version `normal'
(Font)                  OT1/cmss/m/n --> OT1/lmss/m/n on input line 32.
LaTeX Font Info:    Overwriting math alphabet `\mathit' in version `normal'
(Font)                  OT1/cmr/m/it --> OT1/lmr/m/it on input line 33.
LaTeX Font Info:    Overwriting math alphabet `\mathtt' in version `normal'
(Font)                  OT1/cmtt/m/n --> OT1/lmtt/m/n on input line 34.
LaTeX Font Info:    Overwriting math alphabet `\mathbf' in version `bold'
(Font)                  OT1/cmr/bx/n --> OT1/lmr/bx/n on input line 35.
LaTeX Font Info:    Overwriting math alphabet `\mathsf' in version `bold'
(Font)                  OT1/cmss/bx/n --> OT1/lmss/bx/n on input line 36.
LaTeX Font Info:    Overwriting math alphabet `\mathit' in version `bold'
(Font)                  OT1/cmr/bx/it --> OT1/lmr/bx/it on input line 37.
LaTeX Font Info:    Overwriting math alphabet `\mathtt' in version `bold'
(Font)                  OT1/cmtt/m/n --> OT1/lmtt/m/n on input line 38.
) (c:/texlive/2021/texmf-dist/tex/latex/placeins/placeins.sty
Package: placeins 2005/04/18  v 2.2
) (c:/texlive/2021/texmf-dist/tex/latex/cite/cite.sty
LaTeX Info: Redefining \cite on input line 302.
LaTeX Info: Redefining \nocite on input line 332.
Package: cite 2015/02/27  v 5.5
) (c:/texlive/2021/texmf-dist/tex/latex/subfig/subfig.sty
Package: subfig 2005/06/28 ver: 1.3 subfig package
\c@KVtest=\count267
\sf@farskip=\skip52
\sf@captopadj=\dimen164
\sf@capskip=\skip53
\sf@nearskip=\skip54
\c@subfigure=\count268
\c@subfigure@save=\count269
\c@lofdepth=\count270
\c@subtable=\count271
\c@subtable@save=\count272
\c@lotdepth=\count273
\sf@top=\skip55
\sf@bottom=\skip56
) (c:/texlive/2021/texmf-dist/tex/latex/tools/varioref.sty
Package: varioref 2020/08/11 v1.6e package for extended references (FMi)
\c@vrcnt=\count274
) (c:/texlive/2021/texmf-dist/tex/latex/adjustbox/adjustbox.sty
Package: adjustbox 2020/08/19 v1.3 Adjusting TeX boxes (trim, clip, ...)
 (c:/texlive/2021/texmf-dist/tex/latex/xkeyval/xkeyval.sty
Package: xkeyval 2020/11/20 v2.8 package option processing (HA)
 (c:/texlive/2021/texmf-dist/tex/generic/xkeyval/xkeyval.tex (c:/texlive/2021/texmf-dist/tex/generic/xkeyval/xkvutils.tex
\XKV@toks=\toks24
\XKV@tempa@toks=\toks25
)
\XKV@depth=\count275
File: xkeyval.tex 2014/12/03 v2.7a key=value parser (HA)
)) (c:/texlive/2021/texmf-dist/tex/latex/adjustbox/adjcalc.sty
Package: adjcalc 2012/05/16 v1.1 Provides advanced setlength with multiple back-ends (calc, etex, pgfmath)
) (c:/texlive/2021/texmf-dist/tex/latex/adjustbox/trimclip.sty
Package: trimclip 2020/08/19 v1.2 Trim and clip general TeX material
 (c:/texlive/2021/texmf-dist/tex/latex/collectbox/collectbox.sty
Package: collectbox 2012/05/17 v0.4b Collect macro arguments as boxes
\collectedbox=\box49
)
\tc@llx=\dimen165
\tc@lly=\dimen166
\tc@urx=\dimen167
\tc@ury=\dimen168
Package trimclip Info: Using driver 'tc-pdftex.def'.
 (c:/texlive/2021/texmf-dist/tex/latex/adjustbox/tc-pdftex.def
File: tc-pdftex.def 2019/01/04 v2.2 Clipping driver for pdftex
))
\adjbox@Width=\dimen169
\adjbox@Height=\dimen170
\adjbox@Depth=\dimen171
\adjbox@Totalheight=\dimen172
\adjbox@pwidth=\dimen173
\adjbox@pheight=\dimen174
\adjbox@pdepth=\dimen175
\adjbox@ptotalheight=\dimen176
 (c:/texlive/2021/texmf-dist/tex/latex/ifoddpage/ifoddpage.sty
Package: ifoddpage 2016/04/23 v1.1 Conditionals for odd/even page detection
\c@checkoddpage=\count276
) (c:/texlive/2021/texmf-dist/tex/latex/varwidth/varwidth.sty
Package: varwidth 2009/03/30 ver 0.92;  Variable-width minipages
\@vwid@box=\box50
\sift@deathcycles=\count277
\@vwid@loff=\dimen177
\@vwid@roff=\dimen178
)) (c:/texlive/2021/texmf-dist/tex/latex/amsmath/amsmath.sty
Package: amsmath 2020/09/23 v2.17i AMS math features
\@mathmargin=\skip57

For additional information on amsmath, use the `?' option.
(c:/texlive/2021/texmf-dist/tex/latex/amsmath/amstext.sty
Package: amstext 2000/06/29 v2.01 AMS text
 (c:/texlive/2021/texmf-dist/tex/latex/amsmath/amsgen.sty
File: amsgen.sty 1999/11/30 v2.0 generic functions
\@emptytoks=\toks26
\ex@=\dimen179
)) (c:/texlive/2021/texmf-dist/tex/latex/amsmath/amsbsy.sty
Package: amsbsy 1999/11/29 v1.2d Bold Symbols
\pmbraise@=\dimen180
) (c:/texlive/2021/texmf-dist/tex/latex/amsmath/amsopn.sty
Package: amsopn 2016/03/08 v2.02 operator names
)
\inf@bad=\count278
LaTeX Info: Redefining \frac on input line 234.
\uproot@=\count279
\leftroot@=\count280
LaTeX Info: Redefining \overline on input line 399.
\classnum@=\count281
\DOTSCASE@=\count282
LaTeX Info: Redefining \ldots on input line 496.
LaTeX Info: Redefining \dots on input line 499.
LaTeX Info: Redefining \cdots on input line 620.
\Mathstrutbox@=\box51
\strutbox@=\box52
\big@size=\dimen181
LaTeX Font Info:    Redeclaring font encoding OML on input line 743.
LaTeX Font Info:    Redeclaring font encoding OMS on input line 744.
\macc@depth=\count283
\c@MaxMatrixCols=\count284
\dotsspace@=\muskip17
\c@parentequation=\count285
\dspbrk@lvl=\count286
\tag@help=\toks27
\row@=\count287
\column@=\count288
\maxfields@=\count289
\andhelp@=\toks28
\eqnshift@=\dimen182
\alignsep@=\dimen183
\tagshift@=\dimen184
\tagwidth@=\dimen185
\totwidth@=\dimen186
\lineht@=\dimen187
\@envbody=\toks29
\multlinegap=\skip58
\multlinetaggap=\skip59
\mathdisplay@stack=\toks30
LaTeX Info: Redefining \[ on input line 2923.
LaTeX Info: Redefining \] on input line 2924.
) (c:/texlive/2021/texmf-dist/tex/latex/algorithmicx/algpseudocode.sty
Package: algpseudocode 
 (c:/texlive/2021/texmf-dist/tex/latex/algorithmicx/algorithmicx.sty
Package: algorithmicx 2005/04/27 v1.2 Algorithmicx

Document Style algorithmicx 1.2 - a greatly improved `algorithmic' style
\c@ALG@line=\count290
\c@ALG@rem=\count291
\c@ALG@nested=\count292
\ALG@tlm=\skip60
\ALG@thistlm=\skip61
\c@ALG@Lnr=\count293
\c@ALG@blocknr=\count294
\c@ALG@storecount=\count295
\c@ALG@tmpcounter=\count296
\ALG@tmplength=\skip62
)
Document Style - pseudocode environments for use with the `algorithmicx' style
) (c:/texlive/2021/texmf-dist/tex/latex/algorithms/algorithm.sty
Package: algorithm 2009/08/24 v0.1 Document Style `algorithm' - floating environment
 (c:/texlive/2021/texmf-dist/tex/latex/float/float.sty
Package: float 2001/11/08 v1.3d Float enhancements (AL)
\c@float@type=\count297
\float@exts=\toks31
\float@box=\box53
\@float@everytoks=\toks32
\@floatcapt=\box54
)
\@float@every@algorithm=\toks33
\c@algorithm=\count298
) (c:/texlive/2021/texmf-dist/tex/latex/hyperref/hyperref.sty
Package: hyperref 2021-02-27 v7.00k Hypertext links for LaTeX
 (c:/texlive/2021/texmf-dist/tex/generic/ltxcmds/ltxcmds.sty
Package: ltxcmds 2020-05-10 v1.25 LaTeX kernel commands for general use (HO)
) (c:/texlive/2021/texmf-dist/tex/generic/pdftexcmds/pdftexcmds.sty
Package: pdftexcmds 2020-06-27 v0.33 Utility functions of pdfTeX for LuaTeX (HO)
 (c:/texlive/2021/texmf-dist/tex/generic/infwarerr/infwarerr.sty
Package: infwarerr 2019/12/03 v1.5 Providing info/warning/error messages (HO)
)
Package pdftexcmds Info: \pdf@primitive is available.
Package pdftexcmds Info: \pdf@ifprimitive is available.
Package pdftexcmds Info: \pdfdraftmode found.
) (c:/texlive/2021/texmf-dist/tex/generic/kvsetkeys/kvsetkeys.sty
Package: kvsetkeys 2019/12/15 v1.18 Key value parser (HO)
) (c:/texlive/2021/texmf-dist/tex/generic/kvdefinekeys/kvdefinekeys.sty
Package: kvdefinekeys 2019-12-19 v1.6 Define keys (HO)
) (c:/texlive/2021/texmf-dist/tex/generic/pdfescape/pdfescape.sty
Package: pdfescape 2019/12/09 v1.15 Implements pdfTeX's escape features (HO)
) (c:/texlive/2021/texmf-dist/tex/latex/hycolor/hycolor.sty
Package: hycolor 2020-01-27 v1.10 Color options for hyperref/bookmark (HO)
) (c:/texlive/2021/texmf-dist/tex/latex/letltxmacro/letltxmacro.sty
Package: letltxmacro 2019/12/03 v1.6 Let assignment for LaTeX macros (HO)
) (c:/texlive/2021/texmf-dist/tex/latex/auxhook/auxhook.sty
Package: auxhook 2019-12-17 v1.6 Hooks for auxiliary files (HO)
) (c:/texlive/2021/texmf-dist/tex/latex/kvoptions/kvoptions.sty
Package: kvoptions 2020-10-07 v3.14 Key value format for package options (HO)
)
\@linkdim=\dimen188
\Hy@linkcounter=\count299
\Hy@pagecounter=\count300
 (c:/texlive/2021/texmf-dist/tex/latex/hyperref/pd1enc.def
File: pd1enc.def 2021-02-27 v7.00k Hyperref: PDFDocEncoding definition (HO)
) (c:/texlive/2021/texmf-dist/tex/latex/hyperref/hyperref-langpatches.def
File: hyperref-langpatches.def 2021-02-27 v7.00k Hyperref: patches for babel languages
) (c:/texlive/2021/texmf-dist/tex/generic/intcalc/intcalc.sty
Package: intcalc 2019/12/15 v1.3 Expandable calculations with integers (HO)
) (c:/texlive/2021/texmf-dist/tex/generic/etexcmds/etexcmds.sty
Package: etexcmds 2019/12/15 v1.7 Avoid name clashes with e-TeX commands (HO)
)
\Hy@SavedSpaceFactor=\count301
 (c:/texlive/2021/texmf-dist/tex/latex/hyperref/puenc.def
File: puenc.def 2021-02-27 v7.00k Hyperref: PDF Unicode definition (HO)
)
Package hyperref Info: Hyper figures OFF on input line 4192.
Package hyperref Info: Link nesting OFF on input line 4197.
Package hyperref Info: Hyper index ON on input line 4200.
Package hyperref Info: Plain pages OFF on input line 4207.
Package hyperref Info: Backreferencing ON on input line 4210.
Package hyperref Info: Implicit mode ON; LaTeX internals redefined.
Package hyperref Info: Bookmarks ON on input line 4445.
 (c:/texlive/2021/texmf-dist/tex/latex/hyperref/backref.sty
Package: backref 2021/02/04 v1.41 Bibliographical back referencing
 (c:/texlive/2021/texmf-dist/tex/latex/rerunfilecheck/rerunfilecheck.sty
Package: rerunfilecheck 2019/12/05 v1.9 Rerun checks for auxiliary files (HO)
 (c:/texlive/2021/texmf-dist/tex/latex/base/atveryend-ltx.sty
Package: atveryend-ltx 2020/08/19 v1.0a Emulation of the original atvery package
with kernel methods
) (c:/texlive/2021/texmf-dist/tex/generic/uniquecounter/uniquecounter.sty
Package: uniquecounter 2019/12/15 v1.4 Provide unlimited unique counter (HO)
 (c:/texlive/2021/texmf-dist/tex/generic/bigintcalc/bigintcalc.sty
Package: bigintcalc 2019/12/15 v1.5 Expandable calculations on big integers (HO)
))
Package uniquecounter Info: New unique counter `rerunfilecheck' on input line 286.
))
\c@Hy@tempcnt=\count302
LaTeX Info: Redefining \url on input line 4804.
\XeTeXLinkMargin=\dimen189
 (c:/texlive/2021/texmf-dist/tex/generic/bitset/bitset.sty
Package: bitset 2019/12/09 v1.3 Handle bit-vector datatype (HO)
)
\Fld@menulength=\count303
\Field@Width=\dimen190
\Fld@charsize=\dimen191
Package hyperref Info: Hyper figures OFF on input line 6075.
Package hyperref Info: Link nesting OFF on input line 6080.
Package hyperref Info: Hyper index ON on input line 6083.
Package hyperref Info: backreferencing ON on input line 6088.
Package hyperref Info: Link coloring OFF on input line 6095.
Package hyperref Info: Link coloring with OCG OFF on input line 6100.
Package hyperref Info: PDF/A mode OFF on input line 6105.
LaTeX Info: Redefining \ref on input line 6145.
LaTeX Info: Redefining \pageref on input line 6149.
 (c:/texlive/2021/texmf-dist/tex/latex/base/atbegshi-ltx.sty
Package: atbegshi-ltx 2020/08/17 v1.0a Emulation of the original atbegshi package
with kernel methods
)
\Hy@abspage=\count304
\c@Item=\count305
\c@Hfootnote=\count306
)
Package hyperref Info: Driver (autodetected): hpdftex.
 (c:/texlive/2021/texmf-dist/tex/latex/hyperref/hpdftex.def
File: hpdftex.def 2021-02-27 v7.00k Hyperref driver for pdfTeX
\Fld@listcount=\count307
\c@bookmark@seq@number=\count308
\Hy@SectionHShift=\skip63
) (c:/texlive/2021/texmf-dist/tex/latex/fancyhdr/fancyhdr.sty
Package: fancyhdr 2021/01/28 v4.0.1 Extensive control of page headers and footers
\f@nch@headwidth=\skip64
\f@nch@O@elh=\skip65
\f@nch@O@erh=\skip66
\f@nch@O@olh=\skip67
\f@nch@O@orh=\skip68
\f@nch@O@elf=\skip69
\f@nch@O@erf=\skip70
\f@nch@O@olf=\skip71
\f@nch@O@orf=\skip72
)
LaTeX Font Info:    Trying to load font information for T1+lmr on input line 43.
 (c:/texlive/2021/texmf-dist/tex/latex/lm/t1lmr.fd
File: t1lmr.fd 2015/05/01 v1.6.1 Font defs for Latin Modern
) (c:/texlive/2021/texmf-dist/tex/latex/l3backend/l3backend-pdftex.def
File: l3backend-pdftex.def 2021-03-18 L3 backend support: PDF output (pdfTeX)
\l__color_backend_stack_int=\count309
\l__pdf_internal_box=\box55
) (c:/Users/nunzi/Google Drive/UNIPI/Parallel and Distributed System/Progetto/SPM-GraphSearch/Report/main.aux)
\openout1 = `main.aux'.

LaTeX Font Info:    Checking defaults for OML/cmm/m/it on input line 43.
LaTeX Font Info:    ... okay on input line 43.
LaTeX Font Info:    Checking defaults for OMS/cmsy/m/n on input line 43.
LaTeX Font Info:    ... okay on input line 43.
LaTeX Font Info:    Checking defaults for OT1/cmr/m/n on input line 43.
LaTeX Font Info:    ... okay on input line 43.
LaTeX Font Info:    Checking defaults for T1/cmr/m/n on input line 43.
LaTeX Font Info:    ... okay on input line 43.
LaTeX Font Info:    Checking defaults for TS1/cmr/m/n on input line 43.
LaTeX Font Info:    ... okay on input line 43.
LaTeX Font Info:    Checking defaults for OMX/cmex/m/n on input line 43.
LaTeX Font Info:    ... okay on input line 43.
LaTeX Font Info:    Checking defaults for U/cmr/m/n on input line 43.
LaTeX Font Info:    ... okay on input line 43.
LaTeX Font Info:    Checking defaults for PD1/pdf/m/n on input line 43.
LaTeX Font Info:    ... okay on input line 43.
LaTeX Font Info:    Checking defaults for PU/pdf/m/n on input line 43.
LaTeX Font Info:    ... okay on input line 43.
 (c:/texlive/2021/texmf-dist/tex/latex/ucs/ucsencs.def
File: ucsencs.def 2011/01/21 Fixes to fontencodings LGR, T3
)
*geometry* driver: auto-detecting
*geometry* detected driver: pdftex
*geometry* verbose mode - [ preamble ] result:
* driver: pdftex
* paper: a4paper
* layout: <same size as paper>
* layoutoffset:(h,v)=(0.0pt,0.0pt)
* modes: 
* h-part:(L,W,R)=(71.13188pt, 455.24411pt, 71.13188pt)
* v-part:(T,H,B)=(71.13188pt, 702.78308pt, 71.13188pt)
* \paperwidth=597.50787pt
* \paperheight=845.04684pt
* \textwidth=455.24411pt
* \textheight=702.78308pt
* \oddsidemargin=-1.1381pt
* \evensidemargin=-1.1381pt
* \topmargin=-38.1381pt
* \headheight=12.0pt
* \headsep=25.0pt
* \topskip=12.0pt
* \footskip=30.0pt
* \marginparwidth=35.0pt
* \marginparsep=10.0pt
* \columnsep=10.0pt
* \skip\footins=10.8pt plus 4.0pt minus 2.0pt
* \hoffset=0.0pt
* \voffset=0.0pt
* \mag=1000
* \@twocolumnfalse
* \@twosidefalse
* \@mparswitchfalse
* \@reversemarginfalse
* (1in=72.27pt=25.4mm, 1cm=28.453pt)

(c:/texlive/2021/texmf-dist/tex/context/base/mkii/supp-pdf.mkii
[Loading MPS to PDF converter (version 2006.09.02).]
\scratchcounter=\count310
\scratchdimen=\dimen192
\scratchbox=\box56
\nofMPsegments=\count311
\nofMParguments=\count312
\everyMPshowfont=\toks34
\MPscratchCnt=\count313
\MPscratchDim=\dimen193
\MPnumerator=\count314
\makeMPintoPDFobject=\count315
\everyMPtoPDFconversion=\toks35
) (c:/texlive/2021/texmf-dist/tex/latex/epstopdf-pkg/epstopdf-base.sty
Package: epstopdf-base 2020-01-24 v2.11 Base part for package epstopdf
Package epstopdf-base Info: Redefining graphics rule for `.eps' on input line 485.
 (c:/texlive/2021/texmf-dist/tex/latex/latexconfig/epstopdf-sys.cfg
File: epstopdf-sys.cfg 2010/07/13 v1.3 Configuration of (r)epstopdf for TeX Live
)) (c:/texlive/2021/texmf-dist/tex/latex/pdflscape/pdflscape.sty
Package: pdflscape 2019/12/05 v0.12 Display of landscape pages in PDF (HO)
 (c:/texlive/2021/texmf-dist/tex/latex/graphics/lscape.sty
Package: lscape 2020/05/28 v3.02 Landscape Pages (DPC)
)
Package pdflscape Info: Auto-detected driver: pdftex on input line 81.
)
Package caption Info: Begin \AtBeginDocument code.
Package caption Info: subfig package v1.3 is loaded.
Package caption Info: float package is loaded.
Package caption Info: hyperref package is loaded.
Package caption Info: End \AtBeginDocument code.
Package hyperref Info: Link coloring OFF on input line 43.
 (c:/texlive/2021/texmf-dist/tex/latex/hyperref/nameref.sty
Package: nameref 2021-04-02 v2.47 Cross-referencing by name of section
 (c:/texlive/2021/texmf-dist/tex/latex/refcount/refcount.sty
Package: refcount 2019/12/15 v3.6 Data extraction from label references (HO)
) (c:/texlive/2021/texmf-dist/tex/generic/gettitlestring/gettitlestring.sty
Package: gettitlestring 2019/12/15 v1.6 Cleanup title references (HO)
)
\c@section@level=\count316
LaTeX Info: Redefining \Ref on input line 520.
)
LaTeX Info: Redefining \ref on input line 43.
LaTeX Info: Redefining \pageref on input line 43.
LaTeX Info: Redefining \nameref on input line 43.
 (c:/Users/nunzi/Google Drive/UNIPI/Parallel and Distributed System/Progetto/SPM-GraphSearch/Report/main.out) (c:/Users/nunzi/Google Drive/UNIPI/Parallel and Distributed System/Progetto/SPM-GraphSearch/Report/main.out)
\@outlinefile=\write3
\openout3 = `main.out'.

LaTeX Info: Redefining \Ref on input line 43.
<frontespizio.pdf, id=52, 597.55246pt x 845.07718pt>
File: frontespizio.pdf Graphic file (type pdf)
<use frontespizio.pdf>
Package pdftex.def Info: frontespizio.pdf  used on input line 49.
(pdftex.def)             Requested size: 597.551pt x 845.07512pt.
File: frontespizio.pdf Graphic file (type pdf)
<use frontespizio.pdf>
Package pdftex.def Info: frontespizio.pdf  used on input line 49.
(pdftex.def)             Requested size: 597.551pt x 845.07512pt.
<frontespizio.pdf, id=55, page=1, 597.55246pt x 845.07718pt>
File: frontespizio.pdf Graphic file (type pdf)
<use frontespizio.pdf, page 1>
Package pdftex.def Info: frontespizio.pdf , page1 used on input line 49.
(pdftex.def)             Requested size: 597.551pt x 845.07512pt.
File: frontespizio.pdf Graphic file (type pdf)
<use frontespizio.pdf, page 1>
Package pdftex.def Info: frontespizio.pdf , page1 used on input line 49.
(pdftex.def)             Requested size: 597.57834pt x 845.1138pt.
File: frontespizio.pdf Graphic file (type pdf)
<use frontespizio.pdf, page 1>
Package pdftex.def Info: frontespizio.pdf , page1 used on input line 49.
(pdftex.def)             Requested size: 597.57834pt x 845.1138pt.
File: frontespizio.pdf Graphic file (type pdf)
<use frontespizio.pdf, page 1>
Package pdftex.def Info: frontespizio.pdf , page1 used on input line 49.
(pdftex.def)             Requested size: 597.57834pt x 845.1138pt.
File: frontespizio.pdf Graphic file (type pdf)
<use frontespizio.pdf, page 1>
Package pdftex.def Info: frontespizio.pdf , page1 used on input line 49.
(pdftex.def)             Requested size: 597.57834pt x 845.1138pt.
 [1

 <c:/Users/nunzi/Google Drive/UNIPI/Parallel and Distributed System/Progetto/SPM-GraphSearch/Report/frontespizio.pdf>] (c:/Users/nunzi/Google Drive/UNIPI/Parallel and Distributed System/Progetto/SPM-GraphSearch/Report/main.toc
LaTeX Font Info:    Trying to load font information for OT1+lmr on input line 4.
 (c:/texlive/2021/texmf-dist/tex/latex/lm/ot1lmr.fd
File: ot1lmr.fd 2015/05/01 v1.6.1 Font defs for Latin Modern
)
LaTeX Font Info:    Trying to load font information for OML+lmm on input line 4.
 (c:/texlive/2021/texmf-dist/tex/latex/lm/omllmm.fd
File: omllmm.fd 2015/05/01 v1.6.1 Font defs for Latin Modern
)
LaTeX Font Info:    Trying to load font information for OMS+lmsy on input line 4.
 (c:/texlive/2021/texmf-dist/tex/latex/lm/omslmsy.fd
File: omslmsy.fd 2015/05/01 v1.6.1 Font defs for Latin Modern
)
LaTeX Font Info:    Trying to load font information for OMX+lmex on input line 4.
 (c:/texlive/2021/texmf-dist/tex/latex/lm/omxlmex.fd
File: omxlmex.fd 2015/05/01 v1.6.1 Font defs for Latin Modern
)
LaTeX Font Info:    External font `lmex10' loaded for size
(Font)              <12> on input line 4.
LaTeX Font Info:    External font `lmex10' loaded for size
(Font)              <8> on input line 4.
LaTeX Font Info:    External font `lmex10' loaded for size
(Font)              <6> on input line 4.
)
\tf@toc=\write4
\openout4 = `main.toc'.

 [2{c:/texlive/2021/texmf-var/fonts/map/pdftex/updmap/pdftex.map}] (c:/Users/nunzi/Google Drive/UNIPI/Parallel and Distributed System/Progetto/SPM-GraphSearch/Report/Cap/intro.tex)
Overfull \hbox (9.56754pt too wide) in paragraph at lines 1--62
\T1/lmr/m/n/12 This re-port de-scribes the work to cre-ate an im-ple-men-ta-tion of par-al-lel $\OML/lmm/m/it/12 Breadth$\T1/lmr/m/n/12 -$\OML/lmm/m/it/12 FirstSearch$
 []

(c:/Users/nunzi/Google Drive/UNIPI/Parallel and Distributed System/Progetto/SPM-GraphSearch/Report/Cap/problem.tex (c:/texlive/2021/texmf-dist/tex/latex/ucs/data/uni-1.def
File: uni-1.def 2013/05/13 UCS: Unicode data U+0100..U+01FF
) (c:/texlive/2021/texmf-dist/tex/latex/ucs/data/uni-0.def
File: uni-0.def 2013/05/13 UCS: Unicode data U+0000..U+00FF
)
LaTeX Font Info:    Trying to load font information for TS1+lmr on input line 11.
 (c:/texlive/2021/texmf-dist/tex/latex/lm/ts1lmr.fd
File: ts1lmr.fd 2015/05/01 v1.6.1 Font defs for Latin Modern
) [3

]
<Figures/seq_schema.png, id=109, 1472.50125pt x 1120.185pt>
File: Figures/seq_schema.png Graphic file (type png)
<use Figures/seq_schema.png>
Package pdftex.def Info: Figures/seq_schema.png  used on input line 32.
(pdftex.def)             Requested size: 264.0424pt x 200.85542pt.
<Figures/seq_comp_schema.png, id=111, 1490.56876pt x 800.9925pt>
File: Figures/seq_comp_schema.png Graphic file (type png)
<use Figures/seq_comp_schema.png>
Package pdftex.def Info: Figures/seq_comp_schema.png  used on input line 40.
(pdftex.def)             Requested size: 364.19667pt x 195.70099pt.
 [4 <c:/Users/nunzi/Google Drive/UNIPI/Parallel and Distributed System/Progetto/SPM-GraphSearch/Report/Figures/seq_schema.png>]) (c:/Users/nunzi/Google Drive/UNIPI/Parallel and Distributed System/Progetto/SPM-GraphSearch/Report/Cap/solutions.tex [5 <c:/Users/nunzi/Google Drive/UNIPI/Parallel and Distributed System/Progetto/SPM-GraphSearch/Report/Figures/seq_comp_schema.png>]
<Figures/par_schema.png, id=135, 2573.615pt x 1047.915pt>
File: Figures/par_schema.png Graphic file (type png)
<use Figures/par_schema.png>
Package pdftex.def Info: Figures/par_schema.png  used on input line 16.
(pdftex.def)             Requested size: 432.48051pt x 176.09648pt.
 [6] [7 <c:/Users/nunzi/Google Drive/UNIPI/Parallel and Distributed System/Progetto/SPM-GraphSearch/Report/Figures/par_schema.png>]
<Figures/par_dy.png, id=152, 2573.615pt x 1047.915pt>
File: Figures/par_dy.png Graphic file (type png)
<use Figures/par_dy.png>
Package pdftex.def Info: Figures/par_dy.png  used on input line 59.
(pdftex.def)             Requested size: 432.48051pt x 176.09648pt.
LaTeX Font Info:    External font `lmex10' loaded for size
(Font)              <10.95> on input line 122.
 [8 <c:/Users/nunzi/Google Drive/UNIPI/Parallel and Distributed System/Progetto/SPM-GraphSearch/Report/Figures/par_dy.png>]
<Figures/FF.png, id=167, 1754.555pt x 1401.235pt>
File: Figures/FF.png Graphic file (type png)
<use Figures/FF.png>
Package pdftex.def Info: Figures/FF.png  used on input line 178.
(pdftex.def)             Requested size: 250.38564pt x 199.95601pt.
) (c:/Users/nunzi/Google Drive/UNIPI/Parallel and Distributed System/Progetto/SPM-GraphSearch/Report/Cap/results.tex [9 <c:/Users/nunzi/Google Drive/UNIPI/Parallel and Distributed System/Progetto/SPM-GraphSearch/Report/Figures/FF.png>]
<Figures/plot_map_time_vs10K002.png, id=177, 1355.7852pt x 633.8079pt>
File: Figures/plot_map_time_vs10K002.png Graphic file (type png)
<use Figures/plot_map_time_vs10K002.png>
Package pdftex.def Info: Figures/plot_map_time_vs10K002.png  used on input line 22.
(pdftex.def)             Requested size: 341.43307pt x 159.61212pt.
<Figures/plot_map_speedup_vs10K002.png, id=178, 1355.7852pt x 633.8079pt>
File: Figures/plot_map_speedup_vs10K002.png Graphic file (type png)
<use Figures/plot_map_speedup_vs10K002.png>
Package pdftex.def Info: Figures/plot_map_speedup_vs10K002.png  used on input line 30.
(pdftex.def)             Requested size: 341.43307pt x 159.61212pt.
 [10 <c:/Users/nunzi/Google Drive/UNIPI/Parallel and Distributed System/Progetto/SPM-GraphSearch/Report/Figures/plot_map_time_vs10K002.png>]
<Figures/plot_map_time_vs10K05.png, id=186, 1355.7852pt x 633.8079pt>
File: Figures/plot_map_time_vs10K05.png Graphic file (type png)
<use Figures/plot_map_time_vs10K05.png>
Package pdftex.def Info: Figures/plot_map_time_vs10K05.png  used on input line 39.
(pdftex.def)             Requested size: 341.43307pt x 159.61212pt.
<Figures/plot_map_speedup_vs10K05.png, id=187, 1355.7852pt x 633.8079pt>
File: Figures/plot_map_speedup_vs10K05.png Graphic file (type png)
<use Figures/plot_map_speedup_vs10K05.png>
Package pdftex.def Info: Figures/plot_map_speedup_vs10K05.png  used on input line 47.
(pdftex.def)             Requested size: 341.43307pt x 159.61212pt.
 [11 <c:/Users/nunzi/Google Drive/UNIPI/Parallel and Distributed System/Progetto/SPM-GraphSearch/Report/Figures/plot_map_speedup_vs10K002.png> <c:/Users/nunzi/Google Drive/UNIPI/Parallel and Distributed System/Progetto/SPM-GraphSearch/Report/Figures/plot_map_time_vs10K05.png>]
<Figures/plot_map_time_vs10K08.png, id=196, 1355.7852pt x 633.8079pt>
File: Figures/plot_map_time_vs10K08.png Graphic file (type png)
<use Figures/plot_map_time_vs10K08.png>
Package pdftex.def Info: Figures/plot_map_time_vs10K08.png  used on input line 57.
(pdftex.def)             Requested size: 341.43307pt x 159.61212pt.
<Figures/plot_map_speedup_vs10K08.png, id=197, 1355.7852pt x 633.8079pt>
File: Figures/plot_map_speedup_vs10K08.png Graphic file (type png)
<use Figures/plot_map_speedup_vs10K08.png>
Package pdftex.def Info: Figures/plot_map_speedup_vs10K08.png  used on input line 65.
(pdftex.def)             Requested size: 341.43307pt x 159.61212pt.
 [12 <c:/Users/nunzi/Google Drive/UNIPI/Parallel and Distributed System/Progetto/SPM-GraphSearch/Report/Figures/plot_map_speedup_vs10K05.png> <c:/Users/nunzi/Google Drive/UNIPI/Parallel and Distributed System/Progetto/SPM-GraphSearch/Report/Figures/plot_map_time_vs10K08.png>]) (c:/Users/nunzi/Google Drive/UNIPI/Parallel and Distributed System/Progetto/SPM-GraphSearch/Report/Cap/conclusion.tex [13 <c:/Users/nunzi/Google Drive/UNIPI/Parallel and Distributed System/Progetto/SPM-GraphSearch/Report/Figures/plot_map_speedup_vs10K08.png>]) [14] (c:/Users/nunzi/Google Drive/UNIPI/Parallel and Distributed System/Progetto/SPM-GraphSearch/Report/main.aux)
Package rerunfilecheck Info: File `main.out' has not changed.
(rerunfilecheck)             Checksum: EFDA38022388F538CE991AFF85D891A3;1608.
 ) 
Here is how much of TeX's memory you used:
 16320 strings out of 478994
 245867 string characters out of 5862207
 590200 words of memory out of 5000000
 33420 multiletter control sequences out of 15000+600000
 454999 words of font info for 54 fonts, out of 8000000 for 9000
 1143 hyphenation exceptions out of 8191
 98i,17n,102p,926b,535s stack positions out of 5000i,500n,10000p,200000b,80000s
{c:/texlive/2021/texmf-dist/fonts/enc/dvips/lm/lm-mathit.enc}{c:/texlive/2021/texmf-dist/fonts/enc/dvips/lm/lm-rm.enc}{c:/texlive/2021/texmf-dist/fonts/enc/dvips/lm/lm-mathex.enc}{c:/texlive/2021/texmf-dist/fonts/enc/dvips/lm/lm-ec.enc}{c:/texlive/2021/texmf-dist/fonts/enc/dvips/lm/lm-mathsy.enc}{c:/texlive/2021/texmf-dist/fonts/enc/dvips/lm/lm-ts1.enc}<c:/texlive/2021/texmf-dist/fonts/type1/public/lm/lmbx12.pfb><c:/texlive/2021/texmf-dist/fonts/type1/public/lm/lmex10.pfb><c:/texlive/2021/texmf-dist/fonts/type1/public/lm/lmmi10.pfb><c:/texlive/2021/texmf-dist/fonts/type1/public/lm/lmmi12.pfb><c:/texlive/2021/texmf-dist/fonts/type1/public/lm/lmmi6.pfb><c:/texlive/2021/texmf-dist/fonts/type1/public/lm/lmmi8.pfb><c:/texlive/2021/texmf-dist/fonts/type1/public/lm/lmr12.pfb><c:/texlive/2021/texmf-dist/fonts/type1/public/lm/lmr6.pfb><c:/texlive/2021/texmf-dist/fonts/type1/public/lm/lmr8.pfb><c:/texlive/2021/texmf-dist/fonts/type1/public/lm/lmri10.pfb><c:/texlive/2021/texmf-dist/fonts/type1/public/lm/lmri12.pfb><c:/texlive/2021/texmf-dist/fonts/type1/public/lm/lmsy10.pfb><c:/texlive/2021/texmf-dist/fonts/type1/public/lm/lmsy8.pfb>
Output written on "c:/Users/nunzi/Google Drive/UNIPI/Parallel and Distributed System/Progetto/SPM-GraphSearch/Report/main.pdf" (14 pages, 1543258 bytes).
PDF statistics:
 285 PDF objects out of 1000 (max. 8388607)
 222 compressed objects within 3 object streams
 50 named destinations out of 1000 (max. 500000)
 172 words of extra memory for PDF output out of 10000 (max. 10000000)

